<?xml version="1.0" encoding="windows-1252" standalone="no"?>
<!DOCTYPE log SYSTEM "logger.dtd">
<log>
<record>
  <date>2020-06-02T08:30:24.167568600Z</date>
  <millis>1591086624167</millis>
  <nanos>568600</nanos>
  <sequence>0</sequence>
  <logger>com.tj.ms3Code.Main</logger>
  <level>INFO</level>
  <class>com.tj.ms3Code.Main</class>
  <method>log</method>
  <thread>17</thread>
  <message># of Records Received: 6001</message>
</record>
<record>
  <date>2020-06-02T08:30:24.175547200Z</date>
  <millis>1591086624175</millis>
  <nanos>547200</nanos>
  <sequence>1</sequence>
  <logger>com.tj.ms3Code.Main</logger>
  <level>INFO</level>
  <class>com.tj.ms3Code.Main</class>
  <method>log</method>
  <thread>17</thread>
  <message># of Records Successful: 4866</message>
</record>
<record>
  <date>2020-06-02T08:30:24.176545Z</date>
  <millis>1591086624176</millis>
  <nanos>545000</nanos>
  <sequence>2</sequence>
  <logger>com.tj.ms3Code.Main</logger>
  <level>INFO</level>
  <class>com.tj.ms3Code.Main</class>
  <method>log</method>
  <thread>17</thread>
  <message># of Records Failed: 1135</message>
</record>
</log>
